<?xml version="1.0" encoding="UTF-8"?>
<!-- Generated by org.testng.reporters.JUnitReportReporter -->
<testsuite hostname="L-EGE-2YRBQ93" failures="0" tests="3" name="rahulshettyacademy.tests.SubmitOrder" time="64.145" errors="0" timestamp="2022-11-25T13:47:27 EET" skipped="0">
  <testcase classname="rahulshettyacademy.tests.SubmitOrder" name="orderHistory" time="5.798"/>
  <system-out/>
  <testcase classname="rahulshettyacademy.tests.SubmitOrder" name="submitOrderTest" time="29.838"/>
  <system-out/>
  <testcase classname="rahulshettyacademy.tests.SubmitOrder" name="submitOrderTest" time="28.509"/>
  <system-out/>
</testsuite> <!-- rahulshettyacademy.tests.SubmitOrder -->
