<?xml version="1.0" encoding="UTF-8"?>
<!-- Generated by org.testng.reporters.JUnitReportReporter -->
<testsuite hostname="L-EGE-2YRBQ93" failures="0" tests="1" name="cucumber.TestNGTestRunner" time="35.475" errors="0" timestamp="2022-11-25T16:34:15 EET" skipped="0">
  <testcase classname="cucumber.TestNGTestRunner" name="runScenario" time="35.475"/>
  <system-out/>
</testsuite> <!-- cucumber.TestNGTestRunner -->
