<?xml version="1.0" encoding="UTF-8"?>
<!-- Generated by org.testng.reporters.JUnitReportReporter -->
<testsuite hostname="L-EGE-2YRBQ93" failures="0" tests="3" name="rahulshettyacademy.tests.SubmitOrder" time="68.449" errors="0" timestamp="2022-11-24T16:43:11 EET" skipped="0">
  <testcase classname="rahulshettyacademy.tests.SubmitOrder" name="orderHistory" time="10.619"/>
  <system-out/>
  <testcase classname="rahulshettyacademy.tests.SubmitOrder" name="submitOrderTest" time="28.982"/>
  <system-out/>
  <testcase classname="rahulshettyacademy.tests.SubmitOrder" name="submitOrderTest" time="28.848"/>
  <system-out/>
</testsuite> <!-- rahulshettyacademy.tests.SubmitOrder -->
